[debug] [2024-10-14T02:44:24.792Z] ----------------------------------------------------------------------
[debug] [2024-10-14T02:44:24.795Z] Command:       C:\Program Files\nodejs\node.exe C:\Users\Oscar\AppData\Roaming\npm\node_modules\firebase-tools\lib\bin\firebase.js deploy
[debug] [2024-10-14T02:44:24.795Z] CLI Version:   13.20.1
[debug] [2024-10-14T02:44:24.795Z] Platform:      win32
[debug] [2024-10-14T02:44:24.795Z] Node Version:  v22.7.0
[debug] [2024-10-14T02:44:24.796Z] Time:          Sun Oct 13 2024 21:44:24 GMT-0500 (hora estándar de Perú)
[debug] [2024-10-14T02:44:24.796Z] ----------------------------------------------------------------------
[debug] 
[debug] [2024-10-14T02:44:24.799Z] >>> [apiv2][query] GET https://firebase-public.firebaseio.com/cli.json [none]
[debug] [2024-10-14T02:44:24.896Z] > command requires scopes: ["email","openid","https://www.googleapis.com/auth/cloudplatformprojects.readonly","https://www.googleapis.com/auth/firebase","https://www.googleapis.com/auth/cloud-platform"]
[debug] [2024-10-14T02:44:24.897Z] > authorizing via signed-in user (owoskar123@gmail.com)
[debug] [2024-10-14T02:44:24.897Z] [iam] checking project nido-urbano-ws51-har-bc-2024 for permissions ["firebase.projects.get","firebasehosting.sites.update"]
[debug] [2024-10-14T02:44:24.897Z] Checked if tokens are valid: false, expires at: 1727502079905
[debug] [2024-10-14T02:44:24.897Z] Checked if tokens are valid: false, expires at: 1727502079905
[debug] [2024-10-14T02:44:24.897Z] > refreshing access token with scopes: []
[debug] [2024-10-14T02:44:24.898Z] >>> [apiv2][query] POST https://www.googleapis.com/oauth2/v3/token [none]
[debug] [2024-10-14T02:44:24.898Z] >>> [apiv2][body] POST https://www.googleapis.com/oauth2/v3/token [omitted]
[debug] [2024-10-14T02:44:25.042Z] <<< [apiv2][status] POST https://www.googleapis.com/oauth2/v3/token 400
[debug] [2024-10-14T02:44:25.043Z] <<< [apiv2][body] POST https://www.googleapis.com/oauth2/v3/token [omitted]
[debug] [2024-10-14T02:44:25.043Z] >>> [apiv2][query] POST https://cloudresourcemanager.googleapis.com/v1/projects/nido-urbano-ws51-har-bc-2024:testIamPermissions [none]
[debug] [2024-10-14T02:44:25.043Z] >>> [apiv2][(partial)header] POST https://cloudresourcemanager.googleapis.com/v1/projects/nido-urbano-ws51-har-bc-2024:testIamPermissions x-goog-quota-user=projects/nido-urbano-ws51-har-bc-2024
[debug] [2024-10-14T02:44:25.043Z] >>> [apiv2][body] POST https://cloudresourcemanager.googleapis.com/v1/projects/nido-urbano-ws51-har-bc-2024:testIamPermissions {"permissions":["firebase.projects.get","firebasehosting.sites.update"]}
[debug] [2024-10-14T02:44:25.241Z] <<< [apiv2][status] GET https://firebase-public.firebaseio.com/cli.json 200
[debug] [2024-10-14T02:44:25.241Z] <<< [apiv2][body] GET https://firebase-public.firebaseio.com/cli.json {"cloudBuildErrorAfter":1594252800000,"cloudBuildWarnAfter":1590019200000,"defaultNode10After":1594252800000,"minVersion":"3.0.5","node8DeploysDisabledAfter":1613390400000,"node8RuntimeDisabledAfter":1615809600000,"node8WarnAfter":1600128000000}
[debug] [2024-10-14T02:44:25.814Z] <<< [apiv2][status] POST https://cloudresourcemanager.googleapis.com/v1/projects/nido-urbano-ws51-har-bc-2024:testIamPermissions 401
[debug] [2024-10-14T02:44:25.814Z] <<< [apiv2][body] POST https://cloudresourcemanager.googleapis.com/v1/projects/nido-urbano-ws51-har-bc-2024:testIamPermissions {"error":{"code":401,"message":"Request had invalid authentication credentials. Expected OAuth 2 access token, login cookie or other valid authentication credential. See https://developers.google.com/identity/sign-in/web/devconsole-project.","status":"UNAUTHENTICATED","details":[{"@type":"type.googleapis.com/google.rpc.ErrorInfo","reason":"ACCESS_TOKEN_TYPE_UNSUPPORTED","metadata":{"method":"google.cloudresourcemanager.v1.Projects.TestIamPermissions","service":"cloudresourcemanager.googleapis.com"}}]}}
[debug] [2024-10-14T02:44:25.814Z] Got a 401 Unauthenticated error for a call that required authentication. Refreshing tokens.
[debug] [2024-10-14T02:44:25.814Z] Checked if tokens are valid: false, expires at: 1727502079905
[debug] [2024-10-14T02:44:25.814Z] Checked if tokens are valid: false, expires at: 1727502079905
[debug] [2024-10-14T02:44:25.815Z] > refreshing access token with scopes: []
[debug] [2024-10-14T02:44:25.815Z] >>> [apiv2][query] POST https://www.googleapis.com/oauth2/v3/token [none]
[debug] [2024-10-14T02:44:25.815Z] >>> [apiv2][body] POST https://www.googleapis.com/oauth2/v3/token [omitted]
[debug] [2024-10-14T02:44:25.863Z] <<< [apiv2][status] POST https://www.googleapis.com/oauth2/v3/token 400
[debug] [2024-10-14T02:44:25.864Z] <<< [apiv2][body] POST https://www.googleapis.com/oauth2/v3/token [omitted]
[debug] [2024-10-14T02:44:25.865Z] [iam] error while checking permissions, command may fail: FirebaseError: HTTP Error: 401, Request had invalid authentication credentials. Expected OAuth 2 access token, login cookie or other valid authentication credential. See https://developers.google.com/identity/sign-in/web/devconsole-project.
[debug] [2024-10-14T02:44:25.865Z] Checked if tokens are valid: false, expires at: 1727502079905
[debug] [2024-10-14T02:44:25.865Z] Checked if tokens are valid: false, expires at: 1727502079905
[debug] [2024-10-14T02:44:25.866Z] > refreshing access token with scopes: []
[debug] [2024-10-14T02:44:25.866Z] >>> [apiv2][query] POST https://www.googleapis.com/oauth2/v3/token [none]
[debug] [2024-10-14T02:44:25.866Z] >>> [apiv2][body] POST https://www.googleapis.com/oauth2/v3/token [omitted]
[debug] [2024-10-14T02:44:25.915Z] <<< [apiv2][status] POST https://www.googleapis.com/oauth2/v3/token 400
[debug] [2024-10-14T02:44:25.915Z] <<< [apiv2][body] POST https://www.googleapis.com/oauth2/v3/token [omitted]
[debug] [2024-10-14T02:44:25.916Z] >>> [apiv2][query] GET https://firebase.googleapis.com/v1beta1/projects/nido-urbano-ws51-har-bc-2024 [none]
[debug] [2024-10-14T02:44:26.051Z] <<< [apiv2][status] GET https://firebase.googleapis.com/v1beta1/projects/nido-urbano-ws51-har-bc-2024 401
[debug] [2024-10-14T02:44:26.051Z] <<< [apiv2][body] GET https://firebase.googleapis.com/v1beta1/projects/nido-urbano-ws51-har-bc-2024 {"error":{"code":401,"message":"Request had invalid authentication credentials. Expected OAuth 2 access token, login cookie or other valid authentication credential. See https://developers.google.com/identity/sign-in/web/devconsole-project.","status":"UNAUTHENTICATED"}}
[debug] [2024-10-14T02:44:26.051Z] Got a 401 Unauthenticated error for a call that required authentication. Refreshing tokens.
[debug] [2024-10-14T02:44:26.051Z] Checked if tokens are valid: false, expires at: 1727502079905
[debug] [2024-10-14T02:44:26.051Z] Checked if tokens are valid: false, expires at: 1727502079905
[debug] [2024-10-14T02:44:26.051Z] > refreshing access token with scopes: []
[debug] [2024-10-14T02:44:26.051Z] >>> [apiv2][query] POST https://www.googleapis.com/oauth2/v3/token [none]
[debug] [2024-10-14T02:44:26.051Z] >>> [apiv2][body] POST https://www.googleapis.com/oauth2/v3/token [omitted]
[debug] [2024-10-14T02:44:26.099Z] <<< [apiv2][status] POST https://www.googleapis.com/oauth2/v3/token 400
[debug] [2024-10-14T02:44:26.100Z] <<< [apiv2][body] POST https://www.googleapis.com/oauth2/v3/token [omitted]
[debug] [2024-10-14T02:44:26.100Z] HTTP Error: 401, Request had invalid authentication credentials. Expected OAuth 2 access token, login cookie or other valid authentication credential. See https://developers.google.com/identity/sign-in/web/devconsole-project.
[debug] [2024-10-14T02:44:26.102Z] Specified "public" directory "dist/housing-reservation/browser" does not exist; Deploy to Hosting site "" may fail or be empty.
[error] 
[error] Error: Assertion failed: resolving hosting target of a site with no site name or target name. This should have caused an error earlier
[debug] [2024-10-14T02:47:44.011Z] ----------------------------------------------------------------------
[debug] [2024-10-14T02:47:44.014Z] Command:       C:\Program Files\nodejs\node.exe C:\Users\Oscar\AppData\Roaming\npm\node_modules\firebase-tools\lib\bin\firebase.js init
[debug] [2024-10-14T02:47:44.014Z] CLI Version:   13.20.1
[debug] [2024-10-14T02:47:44.014Z] Platform:      win32
[debug] [2024-10-14T02:47:44.014Z] Node Version:  v22.7.0
[debug] [2024-10-14T02:47:44.014Z] Time:          Sun Oct 13 2024 21:47:44 GMT-0500 (hora estándar de Perú)
[debug] [2024-10-14T02:47:44.014Z] ----------------------------------------------------------------------
[debug] 
[debug] [2024-10-14T02:47:44.070Z] > command requires scopes: ["email","openid","https://www.googleapis.com/auth/cloudplatformprojects.readonly","https://www.googleapis.com/auth/firebase","https://www.googleapis.com/auth/cloud-platform"]
[debug] [2024-10-14T02:47:44.070Z] > authorizing via signed-in user (owoskar123@gmail.com)
[info] 
     ######## #### ########  ######## ########     ###     ######  ########
     ##        ##  ##     ## ##       ##     ##  ##   ##  ##       ##
     ######    ##  ########  ######   ########  #########  ######  ######
     ##        ##  ##    ##  ##       ##     ## ##     ##       ## ##
     ##       #### ##     ## ######## ########  ##     ##  ######  ########

You're about to initialize a Firebase project in this directory:

  C:\Users\Oscar\Documents\GitHub\Nido-Urbano-Frontend

Before we get started, keep in mind:

  * You are initializing within an existing Firebase project directory

[info] 
=== Project Setup
[info] 
[info] First, let's associate this project directory with a Firebase project.
[info] You can create multiple project aliases by running firebase use --add, 
[info] but for now we'll just set up a default project.
[info] 
[debug] [2024-10-14T02:48:22.222Z] Using project from CLI flag: nido-urbano-ws51-har-bc-2024
[debug] [2024-10-14T02:48:22.223Z] Checked if tokens are valid: false, expires at: 1727502079905
[debug] [2024-10-14T02:48:22.223Z] Checked if tokens are valid: false, expires at: 1727502079905
[debug] [2024-10-14T02:48:22.223Z] > refreshing access token with scopes: []
[debug] [2024-10-14T02:48:22.225Z] >>> [apiv2][query] POST https://www.googleapis.com/oauth2/v3/token [none]
[debug] [2024-10-14T02:48:22.225Z] >>> [apiv2][body] POST https://www.googleapis.com/oauth2/v3/token [omitted]
[debug] [2024-10-14T02:48:22.739Z] <<< [apiv2][status] POST https://www.googleapis.com/oauth2/v3/token 400
[debug] [2024-10-14T02:48:22.740Z] <<< [apiv2][body] POST https://www.googleapis.com/oauth2/v3/token [omitted]
[debug] [2024-10-14T02:48:22.740Z] >>> [apiv2][query] GET https://firebase.googleapis.com/v1beta1/projects/nido-urbano-ws51-har-bc-2024 [none]
[debug] [2024-10-14T02:48:23.082Z] <<< [apiv2][status] GET https://firebase.googleapis.com/v1beta1/projects/nido-urbano-ws51-har-bc-2024 401
[debug] [2024-10-14T02:48:23.082Z] <<< [apiv2][body] GET https://firebase.googleapis.com/v1beta1/projects/nido-urbano-ws51-har-bc-2024 {"error":{"code":401,"message":"Request had invalid authentication credentials. Expected OAuth 2 access token, login cookie or other valid authentication credential. See https://developers.google.com/identity/sign-in/web/devconsole-project.","status":"UNAUTHENTICATED"}}
[debug] [2024-10-14T02:48:23.082Z] Got a 401 Unauthenticated error for a call that required authentication. Refreshing tokens.
[debug] [2024-10-14T02:48:23.082Z] Checked if tokens are valid: false, expires at: 1727502079905
[debug] [2024-10-14T02:48:23.082Z] Checked if tokens are valid: false, expires at: 1727502079905
[debug] [2024-10-14T02:48:23.082Z] > refreshing access token with scopes: []
[debug] [2024-10-14T02:48:23.083Z] >>> [apiv2][query] POST https://www.googleapis.com/oauth2/v3/token [none]
[debug] [2024-10-14T02:48:23.083Z] >>> [apiv2][body] POST https://www.googleapis.com/oauth2/v3/token [omitted]
[debug] [2024-10-14T02:48:23.266Z] <<< [apiv2][status] POST https://www.googleapis.com/oauth2/v3/token 400
[debug] [2024-10-14T02:48:23.266Z] <<< [apiv2][body] POST https://www.googleapis.com/oauth2/v3/token [omitted]
[debug] [2024-10-14T02:48:23.267Z] HTTP Error: 401, Request had invalid authentication credentials. Expected OAuth 2 access token, login cookie or other valid authentication credential. See https://developers.google.com/identity/sign-in/web/devconsole-project.
[debug] [2024-10-14T02:48:23.268Z] FirebaseError: HTTP Error: 401, Request had invalid authentication credentials. Expected OAuth 2 access token, login cookie or other valid authentication credential. See https://developers.google.com/identity/sign-in/web/devconsole-project.
    at responseToError (C:\Users\Oscar\AppData\Roaming\npm\node_modules\firebase-tools\lib\responseToError.js:49:12)
    at RetryOperation._fn (C:\Users\Oscar\AppData\Roaming\npm\node_modules\firebase-tools\lib\apiv2.js:312:77)
    at process.processTicksAndRejections (node:internal/process/task_queues:105:5)
[error] 
[error] Error: Failed to get Firebase project nido-urbano-ws51-har-bc-2024. Please make sure the project exists and your account has permission to access it.
